<?xml version="1.0" encoding="UTF-8"?>
<!-- Generated by org.testng.reporters.JUnitReportReporter -->
<testsuite skipped="0" hostname="DESKTOP-O6NCMD1" name="BaseClass.TestcaseBase" tests="1" failures="0" timestamp="2019-12-05T14:17:03 IST" time="27.725" errors="0">
  <testcase name="testProperty" time="27.725" classname="BaseClass.TestcaseBase"/>
</testsuite> <!-- BaseClass.TestcaseBase -->
