<?xml version="1.0" encoding="UTF-8"?>
<!-- Generated by org.testng.reporters.JUnitReportReporter -->
<testsuite skipped="0" hostname="DESKTOP-O6NCMD1" name="BaseClass.TestcaseBase" tests="3" failures="0" timestamp="09 Dec 2019 07:13:19 GMT" time="142.806" errors="0">
  <testcase name="testProperty" time="40.382" classname="BaseClass.TestcaseBase"/>
  <testcase name="testProperty" time="58.723" classname="BaseClass.TestcaseBase"/>
  <testcase name="testProperty" time="43.701" classname="BaseClass.TestcaseBase"/>
</testsuite> <!-- BaseClass.TestcaseBase -->
